生成启动时间为 2018/12/22 18:50:29。
     1>项目“D:\OneDrive - mail.nankai.edu.cn\File\南开\大三上\计算机网络\第二次作业\Server\Server\Server.vcxproj”在节点 2 上(build 个目标)。
     1>InitializeBuildStatus:
         正在创建“Debug\Server.unsuccessfulbuild”，因为已指定“AlwaysCreate”。
       ClCompile:
         所有输出均为最新。
         所有输出均为最新。
       ResourceCompile:
         所有输出均为最新。
       ManifestResourceCompile:
         所有输出均为最新。
       Link:
         所有输出均为最新。
       Manifest:
         所有输出均为最新。
         所有输出均为最新。
       FinalizeBuildStatus:
         正在删除文件“Debug\Server.unsuccessfulbuild”。
         正在对“Debug\Server.lastbuildstate”执行 Touch 任务。
     1>已完成生成项目“D:\OneDrive - mail.nankai.edu.cn\File\南开\大三上\计算机网络\第二次作业\Server\Server\Server.vcxproj”(build 个目标)的操作。

生成成功。

已用时间 00:00:00.08
